<?xml version="1.0" encoding="UTF-8"?>
<!-- Generated by org.testng.reporters.JUnitXMLReporter -->
<testsuite ignored="0" hostname="DESKTOP-QPJPMJQ" failures="1" tests="1" name="Test" time="1.26" errors="0" timestamp="2022-03-29T15:29:46 IST">
  <testcase classname="JavaProgrames.ReadExcel" name="readExcelSheet" time="0.085">
    <failure type="java.io.FileNotFoundException" message=".\resources\personDetails.xlsx (The system cannot find the path specified)">
      <![CDATA[java.io.FileNotFoundException: .\resources\personDetails.xlsx (The system cannot find the path specified)
at java.base/java.io.FileInputStream.open0(Native Method)
at java.base/java.io.FileInputStream.open(FileInputStream.java:216)
at java.base/java.io.FileInputStream.<init>(FileInputStream.java:157)
at java.base/java.io.FileInputStream.<init>(FileInputStream.java:111)
at JavaProgrames.ReadExcel.readExcelSheet(ReadExcel.java:17)
at java.base/java.util.ArrayList.forEach(ArrayList.java:1511)
... Removed 27 stack frames]]>
    </failure>
  </testcase> <!-- readExcelSheet -->
</testsuite> <!-- Test -->
