<?xml version="1.0" encoding="UTF-8"?>
<testng-results ignored="0" total="1" passed="1" failed="0" skipped="0">
  <reporter-output>
  </reporter-output>
  <suite started-at="2022-04-01T16:48:08 IST" name="Default suite" finished-at="2022-04-01T16:48:09 IST" duration-ms="816">
    <groups>
    </groups>
    <test started-at="2022-04-01T16:48:08 IST" name="Default test" finished-at="2022-04-01T16:48:09 IST" duration-ms="816">
      <class name="gitIntegration.XpathLocator">
        <test-method signature="xpathApprach()[pri:0, instance:gitIntegration.XpathLocator@7fbdb894]" started-at="2022-04-01T16:48:08 IST" name="xpathApprach" finished-at="2022-04-01T16:48:09 IST" duration-ms="708" status="PASS">
          <reporter-output>
          </reporter-output>
        </test-method> <!-- xpathApprach -->
      </class> <!-- gitIntegration.XpathLocator -->
    </test> <!-- Default test -->
  </suite> <!-- Default suite -->
</testng-results>
