<?xml version="1.0" encoding="UTF-8"?>
<testng-results ignored="0" total="1" passed="1" failed="0" skipped="0">
  <reporter-output>
  </reporter-output>
  <suite started-at="2022-04-04T17:56:59 IST" name="Default suite" finished-at="2022-04-04T17:57:32 IST" duration-ms="32795">
    <groups>
    </groups>
    <test started-at="2022-04-04T17:56:59 IST" name="Default test" finished-at="2022-04-04T17:57:32 IST" duration-ms="32795">
      <class name="gitIntegration.FramesDemo">
        <test-method signature="fileUpload()[pri:0, instance:gitIntegration.FramesDemo@59e32960]" started-at="2022-04-04T17:56:59 IST" name="fileUpload" finished-at="2022-04-04T17:57:32 IST" duration-ms="32701" status="PASS">
          <reporter-output>
          </reporter-output>
        </test-method> <!-- fileUpload -->
      </class> <!-- gitIntegration.FramesDemo -->
    </test> <!-- Default test -->
  </suite> <!-- Default suite -->
</testng-results>
